c:\capt\detectivesimulation\honkengine\engine\x64\debug\vc143.pdb
c:\capt\detectivesimulation\honkengine\engine\x64\debug\vc143.idb
c:\capt\detectivesimulation\honkengine\engine\x64\debug\textrenderer.obj
c:\capt\detectivesimulation\honkengine\engine\x64\debug\renderer.obj
c:\capt\detectivesimulation\honkengine\engine\x64\debug\main.obj
c:\capt\detectivesimulation\honkengine\engine\x64\debug\input.obj
c:\capt\detectivesimulation\honkengine\engine\x64\debug\engine.obj
c:\capt\detectivesimulation\honkengine\engine\x64\debug\tinyxml2.obj
c:\capt\detectivesimulation\honkengine\engine\x64\debug\camera.obj
c:\capt\detectivesimulation\honkengine\engine\x64\debug\application.obj
c:\capt\detectivesimulation\honkengine\engine\x64\debug\animator.obj
c:\capt\detectivesimulation\honkengine\engine\x64\debug\glad.obj
c:\capt\detectivesimulation\honkengine\x64\debug\engine.exe
c:\capt\detectivesimulation\honkengine\x64\debug\engine.pdb
c:\capt\detectivesimulation\honkengine\engine\x64\debug\engine.ilk
c:\capt\detectivesimulation\honkengine\engine\x64\debug\engine.tlog\cl.command.1.tlog
c:\capt\detectivesimulation\honkengine\engine\x64\debug\engine.tlog\cl.items.tlog
c:\capt\detectivesimulation\honkengine\engine\x64\debug\engine.tlog\cl.read.1.tlog
c:\capt\detectivesimulation\honkengine\engine\x64\debug\engine.tlog\cl.write.1.tlog
c:\capt\detectivesimulation\honkengine\engine\x64\debug\engine.tlog\link.command.1.tlog
c:\capt\detectivesimulation\honkengine\engine\x64\debug\engine.tlog\link.read.1.tlog
c:\capt\detectivesimulation\honkengine\engine\x64\debug\engine.tlog\link.secondary.1.tlog
c:\capt\detectivesimulation\honkengine\engine\x64\debug\engine.tlog\link.write.1.tlog
